# JRE version: Java(TM) SE Runtime Environment (8.0_202-b08) (build 1.8.0_202-b08)
# Java VM: Java HotSpot(TM) 64-Bit Server VM (25.202-b08 mixed mode windows-amd64 compressed oops)
Heap:
 PSYoungGen      total 406016K, used 76801K [0x00000000d7100000, 0x00000000fcb00000, 0x0000000100000000)
  eden space 350208K, 5% used [0x00000000d7100000,0x00000000d8582fc8,0x00000000ec700000)
  from space 55808K, 99% used [0x00000000f2200000,0x00000000f587d510,0x00000000f5880000)
  to   space 93184K, 0% used [0x00000000ec700000,0x00000000ec700000,0x00000000f2200000)
 ParOldGen       total 261120K, used 178482K [0x0000000085200000, 0x0000000095100000, 0x00000000d7100000)
  object space 261120K, 68% used [0x0000000085200000,0x000000009004c8d0,0x0000000095100000)
 Metaspace       used 33357K, capacity 34516K, committed 34816K, reserved 1079296K
  class space    used 3704K, capacity 3991K, committed 4096K, reserved 1048576K
GC Heap History (10 events):
Event: 14.244 GC heap before
{Heap before GC invocations=23 (full 3):
 PSYoungGen      total 356352K, used 321296K [0x00000000d7100000, 0x00000000f1400000, 0x0000000100000000)
  eden space 313344K, 100% used [0x00000000d7100000,0x00000000ea300000,0x00000000ea300000)
  from space 43008K, 18% used [0x00000000ea300000,0x00000000eaac4120,0x00000000ecd00000)
  to   space 40448K, 0% used [0x00000000eec80000,0x00000000eec80000,0x00000000f1400000)
 ParOldGen       total 261120K, used 128850K [0x0000000085200000, 0x0000000095100000, 0x00000000d7100000)
  object space 261120K, 49% used [0x0000000085200000,0x000000008cfd49c0,0x0000000095100000)
 Metaspace       used 31190K, capacity 32276K, committed 32384K, reserved 1077248K
  class space    used 3557K, capacity 3863K, committed 3968K, reserved 1048576K
Event: 14.261 GC heap after
Heap after GC invocations=23 (full 3):
 PSYoungGen      total 384512K, used 30117K [0x00000000d7100000, 0x00000000f1b80000, 0x0000000100000000)
  eden space 344064K, 0% used [0x00000000d7100000,0x00000000d7100000,0x00000000ec100000)
  from space 40448K, 74% used [0x00000000eec80000,0x00000000f09e9410,0x00000000f1400000)
  to   space 44544K, 0% used [0x00000000ec100000,0x00000000ec100000,0x00000000eec80000)
 ParOldGen       total 261120K, used 128858K [0x0000000085200000, 0x0000000095100000, 0x00000000d7100000)
  object space 261120K, 49% used [0x0000000085200000,0x000000008cfd69c0,0x0000000095100000)
 Metaspace       used 31190K, capacity 32276K, committed 32384K, reserved 1077248K
  class space    used 3557K, capacity 3863K, committed 3968K, reserved 1048576K
}
Event: 14.876 GC heap before
{Heap before GC invocations=24 (full 3):
 PSYoungGen      total 384512K, used 374181K [0x00000000d7100000, 0x00000000f1b80000, 0x0000000100000000)
  eden space 344064K, 100% used [0x00000000d7100000,0x00000000ec100000,0x00000000ec100000)
  from space 40448K, 74% used [0x00000000eec80000,0x00000000f09e9410,0x00000000f1400000)
  to   space 44544K, 0% used [0x00000000ec100000,0x00000000ec100000,0x00000000eec80000)
 ParOldGen       total 261120K, used 128858K [0x0000000085200000, 0x0000000095100000, 0x00000000d7100000)
  object space 261120K, 49% used [0x0000000085200000,0x000000008cfd69c0,0x0000000095100000)
 Metaspace       used 31233K, capacity 32276K, committed 32384K, reserved 1077248K
  class space    used 3557K, capacity 3863K, committed 3968K, reserved 1048576K
Event: 14.905 GC heap after
Heap after GC invocations=24 (full 3):
 PSYoungGen      total 388608K, used 44533K [0x00000000d7100000, 0x00000000f5880000, 0x0000000100000000)
  eden space 344064K, 0% used [0x00000000d7100000,0x00000000d7100000,0x00000000ec100000)
  from space 44544K, 99% used [0x00000000ec100000,0x00000000eec7d788,0x00000000eec80000)
  to   space 55808K, 0% used [0x00000000f2200000,0x00000000f2200000,0x00000000f5880000)
 ParOldGen       total 261120K, used 136841K [0x0000000085200000, 0x0000000095100000, 0x00000000d7100000)
  object space 261120K, 52% used [0x0000000085200000,0x000000008d7a2698,0x0000000095100000)
 Metaspace       used 31233K, capacity 32276K, committed 32384K, reserved 1077248K
  class space    used 3557K, capacity 3863K, committed 3968K, reserved 1048576K
}
Event: 15.280 GC heap before
{Heap before GC invocations=25 (full 3):
 PSYoungGen      total 388608K, used 388597K [0x00000000d7100000, 0x00000000f5880000, 0x0000000100000000)
  eden space 344064K, 100% used [0x00000000d7100000,0x00000000ec100000,0x00000000ec100000)
  from space 44544K, 99% used [0x00000000ec100000,0x00000000eec7d788,0x00000000eec80000)
  to   space 55808K, 0% used [0x00000000f2200000,0x00000000f2200000,0x00000000f5880000)
 ParOldGen       total 261120K, used 136841K [0x0000000085200000, 0x0000000095100000, 0x00000000d7100000)
  object space 261120K, 52% used [0x0000000085200000,0x000000008d7a2698,0x0000000095100000)
 Metaspace       used 31236K, capacity 32276K, committed 32384K, reserved 1077248K
  class space    used 3557K, capacity 3863K, committed 3968K, reserved 1048576K
Event: 15.305 GC heap after
Heap after GC invocations=25 (full 3):
 PSYoungGen      total 437248K, used 43408K [0x00000000d7100000, 0x00000000f6c00000, 0x0000000100000000)
  eden space 381440K, 0% used [0x00000000d7100000,0x00000000d7100000,0x00000000ee580000)
  from space 55808K, 77% used [0x00000000f2200000,0x00000000f4c64158,0x00000000f5880000)
  to   space 61952K, 0% used [0x00000000ee580000,0x00000000ee580000,0x00000000f2200000)
 ParOldGen       total 261120K, used 138297K [0x0000000085200000, 0x0000000095100000, 0x00000000d7100000)
  object space 261120K, 52% used [0x0000000085200000,0x000000008d90e6c8,0x0000000095100000)
 Metaspace       used 31236K, capacity 32276K, committed 32384K, reserved 1077248K
  class space    used 3557K, capacity 3863K, committed 3968K, reserved 1048576K
}
Event: 17.995 GC heap before
{Heap before GC invocations=26 (full 3):
 PSYoungGen      total 437248K, used 424848K [0x00000000d7100000, 0x00000000f6c00000, 0x0000000100000000)
  eden space 381440K, 100% used [0x00000000d7100000,0x00000000ee580000,0x00000000ee580000)
  from space 55808K, 77% used [0x00000000f2200000,0x00000000f4c64158,0x00000000f5880000)
  to   space 61952K, 0% used [0x00000000ee580000,0x00000000ee580000,0x00000000f2200000)
 ParOldGen       total 261120K, used 138297K [0x0000000085200000, 0x0000000095100000, 0x00000000d7100000)
  object space 261120K, 52% used [0x0000000085200000,0x000000008d90e6c8,0x0000000095100000)
 Metaspace       used 33060K, capacity 34068K, committed 34304K, reserved 1079296K
  class space    used 3701K, capacity 3991K, committed 4096K, reserved 1048576K
Event: 18.057 GC heap after
Heap after GC invocations=26 (full 3):
 PSYoungGen      total 443392K, used 61921K [0x00000000d7100000, 0x00000000f6c00000, 0x0000000100000000)
  eden space 381440K, 0% used [0x00000000d7100000,0x00000000d7100000,0x00000000ee580000)
  from space 61952K, 99% used [0x00000000ee580000,0x00000000f21f8518,0x00000000f2200000)
  to   space 55808K, 0% used [0x00000000f2200000,0x00000000f2200000,0x00000000f5880000)
 ParOldGen       total 261120K, used 164289K [0x0000000085200000, 0x0000000095100000, 0x00000000d7100000)
  object space 261120K, 62% used [0x0000000085200000,0x000000008f2707f8,0x0000000095100000)
 Metaspace       used 33060K, capacity 34068K, committed 34304K, reserved 1079296K
  class space    used 3701K, capacity 3991K, committed 4096K, reserved 1048576K
}
Event: 20.535 GC heap before
{Heap before GC invocations=27 (full 3):
 PSYoungGen      total 443392K, used 443361K [0x00000000d7100000, 0x00000000f6c00000, 0x0000000100000000)
  eden space 381440K, 100% used [0x00000000d7100000,0x00000000ee580000,0x00000000ee580000)
  from space 61952K, 99% used [0x00000000ee580000,0x00000000f21f8518,0x00000000f2200000)
  to   space 55808K, 0% used [0x00000000f2200000,0x00000000f2200000,0x00000000f5880000)
 ParOldGen       total 261120K, used 164289K [0x0000000085200000, 0x0000000095100000, 0x00000000d7100000)
  object space 261120K, 62% used [0x0000000085200000,0x000000008f2707f8,0x0000000095100000)
 Metaspace       used 33353K, capacity 34516K, committed 34816K, reserved 1079296K
  class space    used 3704K, capacity 3991K, committed 4096K, reserved 1048576K
Event: 20.578 GC heap after
Heap after GC invocations=27 (full 3):
 PSYoungGen      total 406016K, used 55797K [0x00000000d7100000, 0x00000000fcb00000, 0x0000000100000000)
  eden space 350208K, 0% used [0x00000000d7100000,0x00000000d7100000,0x00000000ec700000)
  from space 55808K, 99% used [0x00000000f2200000,0x00000000f587d510,0x00000000f5880000)
  to   space 93184K, 0% used [0x00000000ec700000,0x00000000ec700000,0x00000000f2200000)
 ParOldGen       total 261120K, used 178482K [0x0000000085200000, 0x0000000095100000, 0x00000000d7100000)
  object space 261120K, 68% used [0x0000000085200000,0x000000009004c8d0,0x0000000095100000)
 Metaspace       used 33353K, capacity 34516K, committed 34816K, reserved 1079296K
  class space    used 3704K, capacity 3991K, committed 4096K, reserved 1048576K
}

