# JRE version: Java(TM) SE Runtime Environment (8.0_202-b08) (build 1.8.0_202-b08)
# Java VM: Java HotSpot(TM) 64-Bit Server VM (25.202-b08 mixed mode windows-amd64 compressed oops)
Heap:
 PSYoungGen      total 272384K, used 126971K [0x00000000d7100000, 0x00000000e9c00000, 0x0000000100000000)
  eden space 245760K, 51% used [0x00000000d7100000,0x00000000decfef90,0x00000000e6100000)
  from space 26624K, 0% used [0x00000000e6100000,0x00000000e6100000,0x00000000e7b00000)
  to   space 19456K, 0% used [0x00000000e7b00000,0x00000000e7b00000,0x00000000e8e00000)
 ParOldGen       total 103424K, used 41326K [0x0000000085200000, 0x000000008b700000, 0x00000000d7100000)
  object space 103424K, 39% used [0x0000000085200000,0x0000000087a5ba58,0x000000008b700000)
 Metaspace       used 47237K, capacity 49656K, committed 49792K, reserved 1097728K
  class space    used 6026K, capacity 6498K, committed 6528K, reserved 1048576K
GC Heap History (10 events):
Event: 5.707 GC heap before
{Heap before GC invocations=14 (full 1):
 PSYoungGen      total 265216K, used 260184K [0x00000000d7100000, 0x00000000e9c00000, 0x0000000100000000)
  eden space 245760K, 100% used [0x00000000d7100000,0x00000000e6100000,0x00000000e6100000)
  from space 19456K, 74% used [0x00000000e7b00000,0x00000000e8916318,0x00000000e8e00000)
  to   space 26624K, 0% used [0x00000000e6100000,0x00000000e6100000,0x00000000e7b00000)
 ParOldGen       total 73216K, used 25794K [0x0000000085200000, 0x0000000089980000, 0x00000000d7100000)
  object space 73216K, 35% used [0x0000000085200000,0x0000000086b30ae8,0x0000000089980000)
 Metaspace       used 30844K, capacity 32194K, committed 32256K, reserved 1077248K
  class space    used 3737K, capacity 4049K, committed 4096K, reserved 1048576K
Event: 5.718 GC heap after
Heap after GC invocations=14 (full 1):
 PSYoungGen      total 272384K, used 13609K [0x00000000d7100000, 0x00000000e9c00000, 0x0000000100000000)
  eden space 245760K, 0% used [0x00000000d7100000,0x00000000d7100000,0x00000000e6100000)
  from space 26624K, 51% used [0x00000000e6100000,0x00000000e6e4a600,0x00000000e7b00000)
  to   space 19456K, 0% used [0x00000000e7b00000,0x00000000e7b00000,0x00000000e8e00000)
 ParOldGen       total 73216K, used 26956K [0x0000000085200000, 0x0000000089980000, 0x00000000d7100000)
  object space 73216K, 36% used [0x0000000085200000,0x0000000086c531d0,0x0000000089980000)
 Metaspace       used 30844K, capacity 32194K, committed 32256K, reserved 1077248K
  class space    used 3737K, capacity 4049K, committed 4096K, reserved 1048576K
}
Event: 6.484 GC heap before
{Heap before GC invocations=15 (full 1):
 PSYoungGen      total 272384K, used 47472K [0x00000000d7100000, 0x00000000e9c00000, 0x0000000100000000)
  eden space 245760K, 13% used [0x00000000d7100000,0x00000000d9211ce8,0x00000000e6100000)
  from space 26624K, 51% used [0x00000000e6100000,0x00000000e6e4a600,0x00000000e7b00000)
  to   space 19456K, 0% used [0x00000000e7b00000,0x00000000e7b00000,0x00000000e8e00000)
 ParOldGen       total 73216K, used 26956K [0x0000000085200000, 0x0000000089980000, 0x00000000d7100000)
  object space 73216K, 36% used [0x0000000085200000,0x0000000086c531d0,0x0000000089980000)
 Metaspace       used 33513K, capacity 35326K, committed 35496K, reserved 1081344K
  class space    used 4116K, capacity 4481K, committed 4608K, reserved 1048576K
Event: 6.489 GC heap after
Heap after GC invocations=15 (full 1):
 PSYoungGen      total 265216K, used 3640K [0x00000000d7100000, 0x00000000e9c00000, 0x0000000100000000)
  eden space 245760K, 0% used [0x00000000d7100000,0x00000000d7100000,0x00000000e6100000)
  from space 19456K, 18% used [0x00000000e7b00000,0x00000000e7e8e278,0x00000000e8e00000)
  to   space 26624K, 0% used [0x00000000e6100000,0x00000000e6100000,0x00000000e7b00000)
 ParOldGen       total 73216K, used 30616K [0x0000000085200000, 0x0000000089980000, 0x00000000d7100000)
  object space 73216K, 41% used [0x0000000085200000,0x0000000086fe61f0,0x0000000089980000)
 Metaspace       used 33513K, capacity 35326K, committed 35496K, reserved 1081344K
  class space    used 4116K, capacity 4481K, committed 4608K, reserved 1048576K
}
Event: 6.489 GC heap before
{Heap before GC invocations=16 (full 2):
 PSYoungGen      total 265216K, used 3640K [0x00000000d7100000, 0x00000000e9c00000, 0x0000000100000000)
  eden space 245760K, 0% used [0x00000000d7100000,0x00000000d7100000,0x00000000e6100000)
  from space 19456K, 18% used [0x00000000e7b00000,0x00000000e7e8e278,0x00000000e8e00000)
  to   space 26624K, 0% used [0x00000000e6100000,0x00000000e6100000,0x00000000e7b00000)
 ParOldGen       total 73216K, used 30616K [0x0000000085200000, 0x0000000089980000, 0x00000000d7100000)
  object space 73216K, 41% used [0x0000000085200000,0x0000000086fe61f0,0x0000000089980000)
 Metaspace       used 33513K, capacity 35326K, committed 35496K, reserved 1081344K
  class space    used 4116K, capacity 4481K, committed 4608K, reserved 1048576K
Event: 6.606 GC heap after
Heap after GC invocations=16 (full 2):
 PSYoungGen      total 265216K, used 0K [0x00000000d7100000, 0x00000000e9c00000, 0x0000000100000000)
  eden space 245760K, 0% used [0x00000000d7100000,0x00000000d7100000,0x00000000e6100000)
  from space 19456K, 0% used [0x00000000e7b00000,0x00000000e7b00000,0x00000000e8e00000)
  to   space 26624K, 0% used [0x00000000e6100000,0x00000000e6100000,0x00000000e7b00000)
 ParOldGen       total 103424K, used 30598K [0x0000000085200000, 0x000000008b700000, 0x00000000d7100000)
  object space 103424K, 29% used [0x0000000085200000,0x0000000086fe1bf8,0x000000008b700000)
 Metaspace       used 33513K, capacity 35326K, committed 35496K, reserved 1081344K
  class space    used 4116K, capacity 4481K, committed 4608K, reserved 1048576K
}
Event: 7.604 GC heap before
{Heap before GC invocations=17 (full 2):
 PSYoungGen      total 265216K, used 236469K [0x00000000d7100000, 0x00000000e9c00000, 0x0000000100000000)
  eden space 245760K, 96% used [0x00000000d7100000,0x00000000e57ed6a8,0x00000000e6100000)
  from space 19456K, 0% used [0x00000000e7b00000,0x00000000e7b00000,0x00000000e8e00000)
  to   space 26624K, 0% used [0x00000000e6100000,0x00000000e6100000,0x00000000e7b00000)
 ParOldGen       total 103424K, used 30598K [0x0000000085200000, 0x000000008b700000, 0x00000000d7100000)
  object space 103424K, 29% used [0x0000000085200000,0x0000000086fe1bf8,0x000000008b700000)
 Metaspace       used 38693K, capacity 40802K, committed 40832K, reserved 1089536K
  class space    used 4807K, capacity 5227K, committed 5248K, reserved 1048576K
Event: 7.611 GC heap after
Heap after GC invocations=17 (full 2):
 PSYoungGen      total 272384K, used 12959K [0x00000000d7100000, 0x00000000e9c00000, 0x0000000100000000)
  eden space 245760K, 0% used [0x00000000d7100000,0x00000000d7100000,0x00000000e6100000)
  from space 26624K, 48% used [0x00000000e6100000,0x00000000e6da7d48,0x00000000e7b00000)
  to   space 19456K, 0% used [0x00000000e7b00000,0x00000000e7b00000,0x00000000e8e00000)
 ParOldGen       total 103424K, used 30671K [0x0000000085200000, 0x000000008b700000, 0x00000000d7100000)
  object space 103424K, 29% used [0x0000000085200000,0x0000000086ff3c08,0x000000008b700000)
 Metaspace       used 38693K, capacity 40802K, committed 40832K, reserved 1089536K
  class space    used 4807K, capacity 5227K, committed 5248K, reserved 1048576K
}
Event: 7.611 GC heap before
{Heap before GC invocations=18 (full 3):
 PSYoungGen      total 272384K, used 12959K [0x00000000d7100000, 0x00000000e9c00000, 0x0000000100000000)
  eden space 245760K, 0% used [0x00000000d7100000,0x00000000d7100000,0x00000000e6100000)
  from space 26624K, 48% used [0x00000000e6100000,0x00000000e6da7d48,0x00000000e7b00000)
  to   space 19456K, 0% used [0x00000000e7b00000,0x00000000e7b00000,0x00000000e8e00000)
 ParOldGen       total 103424K, used 30671K [0x0000000085200000, 0x000000008b700000, 0x00000000d7100000)
  object space 103424K, 29% used [0x0000000085200000,0x0000000086ff3c08,0x000000008b700000)
 Metaspace       used 38693K, capacity 40802K, committed 40832K, reserved 1089536K
  class space    used 4807K, capacity 5227K, committed 5248K, reserved 1048576K
Event: 7.807 GC heap after
Heap after GC invocations=18 (full 3):
 PSYoungGen      total 272384K, used 0K [0x00000000d7100000, 0x00000000e9c00000, 0x0000000100000000)
  eden space 245760K, 0% used [0x00000000d7100000,0x00000000d7100000,0x00000000e6100000)
  from space 26624K, 0% used [0x00000000e6100000,0x00000000e6100000,0x00000000e7b00000)
  to   space 19456K, 0% used [0x00000000e7b00000,0x00000000e7b00000,0x00000000e8e00000)
 ParOldGen       total 103424K, used 41326K [0x0000000085200000, 0x000000008b700000, 0x00000000d7100000)
  object space 103424K, 39% used [0x0000000085200000,0x0000000087a5ba58,0x000000008b700000)
 Metaspace       used 38693K, capacity 40802K, committed 40832K, reserved 1087488K
  class space    used 4807K, capacity 5227K, committed 5248K, reserved 1048576K
}

