# JRE version: Java(TM) SE Runtime Environment (8.0_202-b08) (build 1.8.0_202-b08)
# Java VM: Java HotSpot(TM) 64-Bit Server VM (25.202-b08 mixed mode windows-amd64 compressed oops)
Heap:
 PSYoungGen      total 374272K, used 130753K [0x00000000d7100000, 0x00000000f5700000, 0x0000000100000000)
  eden space 291328K, 16% used [0x00000000d7100000,0x00000000d9fb5ab8,0x00000000e8d80000)
  from space 82944K, 99% used [0x00000000f0600000,0x00000000f56facb8,0x00000000f5700000)
  to   space 69120K, 0% used [0x00000000e8d80000,0x00000000e8d80000,0x00000000ed100000)
 ParOldGen       total 254976K, used 141160K [0x0000000085200000, 0x0000000094b00000, 0x00000000d7100000)
  object space 254976K, 55% used [0x0000000085200000,0x000000008dbda098,0x0000000094b00000)
 Metaspace       used 33101K, capacity 34200K, committed 34560K, reserved 1079296K
  class space    used 3702K, capacity 3991K, committed 4096K, reserved 1048576K
GC Heap History (10 events):
Event: 17.021 GC heap before
{Heap before GC invocations=29 (full 3):
 PSYoungGen      total 295424K, used 250416K [0x00000000d7100000, 0x00000000ed980000, 0x0000000100000000)
  eden space 244224K, 100% used [0x00000000d7100000,0x00000000e5f80000,0x00000000e5f80000)
  from space 51200K, 12% used [0x00000000e5f80000,0x00000000e658c130,0x00000000e9180000)
  to   space 48640K, 0% used [0x00000000eaa00000,0x00000000eaa00000,0x00000000ed980000)
 ParOldGen       total 254976K, used 128074K [0x0000000085200000, 0x0000000094b00000, 0x00000000d7100000)
  object space 254976K, 50% used [0x0000000085200000,0x000000008cf128e0,0x0000000094b00000)
 Metaspace       used 31194K, capacity 32280K, committed 32640K, reserved 1077248K
  class space    used 3558K, capacity 3863K, committed 3968K, reserved 1048576K
Event: 17.036 GC heap after
Heap after GC invocations=29 (full 3):
 PSYoungGen      total 317952K, used 28918K [0x00000000d7100000, 0x00000000edd00000, 0x0000000100000000)
  eden space 269312K, 0% used [0x00000000d7100000,0x00000000d7100000,0x00000000e7800000)
  from space 48640K, 59% used [0x00000000eaa00000,0x00000000ec63d970,0x00000000ed980000)
  to   space 51200K, 0% used [0x00000000e7800000,0x00000000e7800000,0x00000000eaa00000)
 ParOldGen       total 254976K, used 128082K [0x0000000085200000, 0x0000000094b00000, 0x00000000d7100000)
  object space 254976K, 50% used [0x0000000085200000,0x000000008cf148e0,0x0000000094b00000)
 Metaspace       used 31194K, capacity 32280K, committed 32640K, reserved 1077248K
  class space    used 3558K, capacity 3863K, committed 3968K, reserved 1048576K
}
Event: 17.746 GC heap before
{Heap before GC invocations=30 (full 3):
 PSYoungGen      total 317952K, used 298230K [0x00000000d7100000, 0x00000000edd00000, 0x0000000100000000)
  eden space 269312K, 100% used [0x00000000d7100000,0x00000000e7800000,0x00000000e7800000)
  from space 48640K, 59% used [0x00000000eaa00000,0x00000000ec63d970,0x00000000ed980000)
  to   space 51200K, 0% used [0x00000000e7800000,0x00000000e7800000,0x00000000eaa00000)
 ParOldGen       total 254976K, used 128082K [0x0000000085200000, 0x0000000094b00000, 0x00000000d7100000)
  object space 254976K, 50% used [0x0000000085200000,0x000000008cf148e0,0x0000000094b00000)
 Metaspace       used 31242K, capacity 32344K, committed 32640K, reserved 1077248K
  class space    used 3558K, capacity 3863K, committed 3968K, reserved 1048576K
Event: 17.768 GC heap after
Heap after GC invocations=30 (full 3):
 PSYoungGen      total 320512K, used 51176K [0x00000000d7100000, 0x00000000f0d00000, 0x0000000100000000)
  eden space 269312K, 0% used [0x00000000d7100000,0x00000000d7100000,0x00000000e7800000)
  from space 51200K, 99% used [0x00000000e7800000,0x00000000ea9fa098,0x00000000eaa00000)
  to   space 61440K, 0% used [0x00000000ed100000,0x00000000ed100000,0x00000000f0d00000)
 ParOldGen       total 254976K, used 129018K [0x0000000085200000, 0x0000000094b00000, 0x00000000d7100000)
  object space 254976K, 50% used [0x0000000085200000,0x000000008cffe8e0,0x0000000094b00000)
 Metaspace       used 31242K, capacity 32344K, committed 32640K, reserved 1077248K
  class space    used 3558K, capacity 3863K, committed 3968K, reserved 1048576K
}
Event: 18.065 GC heap before
{Heap before GC invocations=31 (full 3):
 PSYoungGen      total 320512K, used 320488K [0x00000000d7100000, 0x00000000f0d00000, 0x0000000100000000)
  eden space 269312K, 100% used [0x00000000d7100000,0x00000000e7800000,0x00000000e7800000)
  from space 51200K, 99% used [0x00000000e7800000,0x00000000ea9fa098,0x00000000eaa00000)
  to   space 61440K, 0% used [0x00000000ed100000,0x00000000ed100000,0x00000000f0d00000)
 ParOldGen       total 254976K, used 129018K [0x0000000085200000, 0x0000000094b00000, 0x00000000d7100000)
  object space 254976K, 50% used [0x0000000085200000,0x000000008cffe8e0,0x0000000094b00000)
 Metaspace       used 31242K, capacity 32344K, committed 32640K, reserved 1077248K
  class space    used 3558K, capacity 3863K, committed 3968K, reserved 1048576K
Event: 18.091 GC heap after
Heap after GC invocations=31 (full 3):
 PSYoungGen      total 352768K, used 49124K [0x00000000d7100000, 0x00000000f2380000, 0x0000000100000000)
  eden space 291328K, 0% used [0x00000000d7100000,0x00000000d7100000,0x00000000e8d80000)
  from space 61440K, 79% used [0x00000000ed100000,0x00000000f00f9388,0x00000000f0d00000)
  to   space 69120K, 0% used [0x00000000e8d80000,0x00000000e8d80000,0x00000000ed100000)
 ParOldGen       total 254976K, used 129658K [0x0000000085200000, 0x0000000094b00000, 0x00000000d7100000)
  object space 254976K, 50% used [0x0000000085200000,0x000000008d09e900,0x0000000094b00000)
 Metaspace       used 31242K, capacity 32344K, committed 32640K, reserved 1077248K
  class space    used 3558K, capacity 3863K, committed 3968K, reserved 1048576K
}
Event: 18.688 GC heap before
{Heap before GC invocations=32 (full 3):
 PSYoungGen      total 352768K, used 340452K [0x00000000d7100000, 0x00000000f2380000, 0x0000000100000000)
  eden space 291328K, 100% used [0x00000000d7100000,0x00000000e8d80000,0x00000000e8d80000)
  from space 61440K, 79% used [0x00000000ed100000,0x00000000f00f9388,0x00000000f0d00000)
  to   space 69120K, 0% used [0x00000000e8d80000,0x00000000e8d80000,0x00000000ed100000)
 ParOldGen       total 254976K, used 129658K [0x0000000085200000, 0x0000000094b00000, 0x00000000d7100000)
  object space 254976K, 50% used [0x0000000085200000,0x000000008d09e900,0x0000000094b00000)
 Metaspace       used 31245K, capacity 32344K, committed 32640K, reserved 1077248K
  class space    used 3558K, capacity 3863K, committed 3968K, reserved 1048576K
Event: 18.713 GC heap after
Heap after GC invocations=32 (full 3):
 PSYoungGen      total 360448K, used 69119K [0x00000000d7100000, 0x00000000f5700000, 0x0000000100000000)
  eden space 291328K, 0% used [0x00000000d7100000,0x00000000d7100000,0x00000000e8d80000)
  from space 69120K, 99% used [0x00000000e8d80000,0x00000000ed0fff30,0x00000000ed100000)
  to   space 82944K, 0% used [0x00000000f0600000,0x00000000f0600000,0x00000000f5700000)
 ParOldGen       total 254976K, used 132402K [0x0000000085200000, 0x0000000094b00000, 0x00000000d7100000)
  object space 254976K, 51% used [0x0000000085200000,0x000000008d34c900,0x0000000094b00000)
 Metaspace       used 31245K, capacity 32344K, committed 32640K, reserved 1077248K
  class space    used 3558K, capacity 3863K, committed 3968K, reserved 1048576K
}
Event: 20.450 GC heap before
{Heap before GC invocations=33 (full 3):
 PSYoungGen      total 360448K, used 360447K [0x00000000d7100000, 0x00000000f5700000, 0x0000000100000000)
  eden space 291328K, 100% used [0x00000000d7100000,0x00000000e8d80000,0x00000000e8d80000)
  from space 69120K, 99% used [0x00000000e8d80000,0x00000000ed0fff30,0x00000000ed100000)
  to   space 82944K, 0% used [0x00000000f0600000,0x00000000f0600000,0x00000000f5700000)
 ParOldGen       total 254976K, used 132402K [0x0000000085200000, 0x0000000094b00000, 0x00000000d7100000)
  object space 254976K, 51% used [0x0000000085200000,0x000000008d34c900,0x0000000094b00000)
 Metaspace       used 32997K, capacity 34008K, committed 34304K, reserved 1079296K
  class space    used 3698K, capacity 3991K, committed 4096K, reserved 1048576K
Event: 20.526 GC heap after
Heap after GC invocations=33 (full 3):
 PSYoungGen      total 374272K, used 82923K [0x00000000d7100000, 0x00000000f5700000, 0x0000000100000000)
  eden space 291328K, 0% used [0x00000000d7100000,0x00000000d7100000,0x00000000e8d80000)
  from space 82944K, 99% used [0x00000000f0600000,0x00000000f56facb8,0x00000000f5700000)
  to   space 69120K, 0% used [0x00000000e8d80000,0x00000000e8d80000,0x00000000ed100000)
 ParOldGen       total 254976K, used 141160K [0x0000000085200000, 0x0000000094b00000, 0x00000000d7100000)
  object space 254976K, 55% used [0x0000000085200000,0x000000008dbda098,0x0000000094b00000)
 Metaspace       used 32997K, capacity 34008K, committed 34304K, reserved 1079296K
  class space    used 3698K, capacity 3991K, committed 4096K, reserved 1048576K
}

