# JRE version: Java(TM) SE Runtime Environment (8.0_202-b08) (build 1.8.0_202-b08)
# Java VM: Java HotSpot(TM) 64-Bit Server VM (25.202-b08 mixed mode windows-amd64 compressed oops)
Heap:
 PSYoungGen      total 503808K, used 51622K [0x00000000d7100000, 0x0000000100000000, 0x0000000100000000)
  eden space 475648K, 5% used [0x00000000d7100000,0x00000000d8c77c70,0x00000000f4180000)
  from space 28160K, 83% used [0x00000000f4180000,0x00000000f5871ec8,0x00000000f5d00000)
  to   space 31232K, 0% used [0x00000000fe180000,0x00000000fe180000,0x0000000100000000)
 ParOldGen       total 92672K, used 25020K [0x0000000085200000, 0x000000008ac80000, 0x00000000d7100000)
  object space 92672K, 26% used [0x0000000085200000,0x0000000086a6f0c8,0x000000008ac80000)
 Metaspace       used 40277K, capacity 42218K, committed 42496K, reserved 1087488K
  class space    used 4716K, capacity 5089K, committed 5120K, reserved 1048576K
GC Heap History (10 events):
Event: 6.501 GC heap before
{Heap before GC invocations=12 (full 2):
 PSYoungGen      total 258560K, used 243712K [0x00000000d7100000, 0x00000000eee00000, 0x0000000100000000)
  eden space 243712K, 100% used [0x00000000d7100000,0x00000000e5f00000,0x00000000e5f00000)
  from space 14848K, 0% used [0x00000000e5f00000,0x00000000e5f00000,0x00000000e6d80000)
  to   space 26624K, 0% used [0x00000000ed400000,0x00000000ed400000,0x00000000eee00000)
 ParOldGen       total 107008K, used 46830K [0x0000000085200000, 0x000000008ba80000, 0x00000000d7100000)
  object space 107008K, 43% used [0x0000000085200000,0x0000000087fbb840,0x000000008ba80000)
 Metaspace       used 26639K, capacity 27544K, committed 27776K, reserved 1073152K
  class space    used 2920K, capacity 3126K, committed 3200K, reserved 1048576K
Event: 6.520 GC heap after
Heap after GC invocations=12 (full 2):
 PSYoungGen      total 360960K, used 22376K [0x00000000d7100000, 0x00000000f0400000, 0x0000000100000000)
  eden space 334336K, 0% used [0x00000000d7100000,0x00000000d7100000,0x00000000eb780000)
  from space 26624K, 84% used [0x00000000ed400000,0x00000000ee9da388,0x00000000eee00000)
  to   space 29184K, 0% used [0x00000000eb780000,0x00000000eb780000,0x00000000ed400000)
 ParOldGen       total 107008K, used 46838K [0x0000000085200000, 0x000000008ba80000, 0x00000000d7100000)
  object space 107008K, 43% used [0x0000000085200000,0x0000000087fbd840,0x000000008ba80000)
 Metaspace       used 26639K, capacity 27544K, committed 27776K, reserved 1073152K
  class space    used 2920K, capacity 3126K, committed 3200K, reserved 1048576K
}
Event: 8.764 GC heap before
{Heap before GC invocations=13 (full 2):
 PSYoungGen      total 360960K, used 356712K [0x00000000d7100000, 0x00000000f0400000, 0x0000000100000000)
  eden space 334336K, 100% used [0x00000000d7100000,0x00000000eb780000,0x00000000eb780000)
  from space 26624K, 84% used [0x00000000ed400000,0x00000000ee9da388,0x00000000eee00000)
  to   space 29184K, 0% used [0x00000000eb780000,0x00000000eb780000,0x00000000ed400000)
 ParOldGen       total 107008K, used 46838K [0x0000000085200000, 0x000000008ba80000, 0x00000000d7100000)
  object space 107008K, 43% used [0x0000000085200000,0x0000000087fbd840,0x000000008ba80000)
 Metaspace       used 35472K, capacity 36772K, committed 36864K, reserved 1081344K
  class space    used 4013K, capacity 4272K, committed 4352K, reserved 1048576K
Event: 8.772 GC heap after
Heap after GC invocations=13 (full 2):
 PSYoungGen      total 363520K, used 13061K [0x00000000d7100000, 0x00000000f7880000, 0x0000000100000000)
  eden space 334336K, 0% used [0x00000000d7100000,0x00000000d7100000,0x00000000eb780000)
  from space 29184K, 44% used [0x00000000eb780000,0x00000000ec4414b8,0x00000000ed400000)
  to   space 28160K, 0% used [0x00000000f5d00000,0x00000000f5d00000,0x00000000f7880000)
 ParOldGen       total 107008K, used 50673K [0x0000000085200000, 0x000000008ba80000, 0x00000000d7100000)
  object space 107008K, 47% used [0x0000000085200000,0x000000008837c410,0x000000008ba80000)
 Metaspace       used 35472K, capacity 36772K, committed 36864K, reserved 1081344K
  class space    used 4013K, capacity 4272K, committed 4352K, reserved 1048576K
}
Event: 8.849 GC heap before
{Heap before GC invocations=14 (full 2):
 PSYoungGen      total 363520K, used 31547K [0x00000000d7100000, 0x00000000f7880000, 0x0000000100000000)
  eden space 334336K, 5% used [0x00000000d7100000,0x00000000d830d970,0x00000000eb780000)
  from space 29184K, 44% used [0x00000000eb780000,0x00000000ec4414b8,0x00000000ed400000)
  to   space 28160K, 0% used [0x00000000f5d00000,0x00000000f5d00000,0x00000000f7880000)
 ParOldGen       total 107008K, used 50673K [0x0000000085200000, 0x000000008ba80000, 0x00000000d7100000)
  object space 107008K, 47% used [0x0000000085200000,0x000000008837c410,0x000000008ba80000)
 Metaspace       used 35599K, capacity 36878K, committed 36988K, reserved 1081344K
  class space    used 4039K, capacity 4305K, committed 4352K, reserved 1048576K
Event: 8.855 GC heap after
Heap after GC invocations=14 (full 2):
 PSYoungGen      total 503808K, used 608K [0x00000000d7100000, 0x00000000f8080000, 0x0000000100000000)
  eden space 475648K, 0% used [0x00000000d7100000,0x00000000d7100000,0x00000000f4180000)
  from space 28160K, 2% used [0x00000000f5d00000,0x00000000f5d98000,0x00000000f7880000)
  to   space 28160K, 0% used [0x00000000f4180000,0x00000000f4180000,0x00000000f5d00000)
 ParOldGen       total 107008K, used 57959K [0x0000000085200000, 0x000000008ba80000, 0x00000000d7100000)
  object space 107008K, 54% used [0x0000000085200000,0x0000000088a99ff8,0x000000008ba80000)
 Metaspace       used 35599K, capacity 36878K, committed 36988K, reserved 1081344K
  class space    used 4039K, capacity 4305K, committed 4352K, reserved 1048576K
}
Event: 8.855 GC heap before
{Heap before GC invocations=15 (full 3):
 PSYoungGen      total 503808K, used 608K [0x00000000d7100000, 0x00000000f8080000, 0x0000000100000000)
  eden space 475648K, 0% used [0x00000000d7100000,0x00000000d7100000,0x00000000f4180000)
  from space 28160K, 2% used [0x00000000f5d00000,0x00000000f5d98000,0x00000000f7880000)
  to   space 28160K, 0% used [0x00000000f4180000,0x00000000f4180000,0x00000000f5d00000)
 ParOldGen       total 107008K, used 57959K [0x0000000085200000, 0x000000008ba80000, 0x00000000d7100000)
  object space 107008K, 54% used [0x0000000085200000,0x0000000088a99ff8,0x000000008ba80000)
 Metaspace       used 35599K, capacity 36878K, committed 36988K, reserved 1081344K
  class space    used 4039K, capacity 4305K, committed 4352K, reserved 1048576K
Event: 8.932 GC heap after
Heap after GC invocations=15 (full 3):
 PSYoungGen      total 503808K, used 0K [0x00000000d7100000, 0x00000000f8080000, 0x0000000100000000)
  eden space 475648K, 0% used [0x00000000d7100000,0x00000000d7100000,0x00000000f4180000)
  from space 28160K, 0% used [0x00000000f5d00000,0x00000000f5d00000,0x00000000f7880000)
  to   space 28160K, 0% used [0x00000000f4180000,0x00000000f4180000,0x00000000f5d00000)
 ParOldGen       total 92672K, used 25012K [0x0000000085200000, 0x000000008ac80000, 0x00000000d7100000)
  object space 92672K, 26% used [0x0000000085200000,0x0000000086a6d0c8,0x000000008ac80000)
 Metaspace       used 35599K, capacity 36878K, committed 36988K, reserved 1081344K
  class space    used 4039K, capacity 4305K, committed 4352K, reserved 1048576K
}
Event: 10.736 GC heap before
{Heap before GC invocations=16 (full 3):
 PSYoungGen      total 503808K, used 475648K [0x00000000d7100000, 0x00000000f8080000, 0x0000000100000000)
  eden space 475648K, 100% used [0x00000000d7100000,0x00000000f4180000,0x00000000f4180000)
  from space 28160K, 0% used [0x00000000f5d00000,0x00000000f5d00000,0x00000000f7880000)
  to   space 28160K, 0% used [0x00000000f4180000,0x00000000f4180000,0x00000000f5d00000)
 ParOldGen       total 92672K, used 25012K [0x0000000085200000, 0x000000008ac80000, 0x00000000d7100000)
  object space 92672K, 26% used [0x0000000085200000,0x0000000086a6d0c8,0x000000008ac80000)
 Metaspace       used 39456K, capacity 41026K, committed 41344K, reserved 1085440K
  class space    used 4567K, capacity 4875K, committed 4992K, reserved 1048576K
Event: 10.780 GC heap after
Heap after GC invocations=16 (full 3):
 PSYoungGen      total 503808K, used 23495K [0x00000000d7100000, 0x0000000100000000, 0x0000000100000000)
  eden space 475648K, 0% used [0x00000000d7100000,0x00000000d7100000,0x00000000f4180000)
  from space 28160K, 83% used [0x00000000f4180000,0x00000000f5871ec8,0x00000000f5d00000)
  to   space 31232K, 0% used [0x00000000fe180000,0x00000000fe180000,0x0000000100000000)
 ParOldGen       total 92672K, used 25020K [0x0000000085200000, 0x000000008ac80000, 0x00000000d7100000)
  object space 92672K, 26% used [0x0000000085200000,0x0000000086a6f0c8,0x000000008ac80000)
 Metaspace       used 39456K, capacity 41026K, committed 41344K, reserved 1085440K
  class space    used 4567K, capacity 4875K, committed 4992K, reserved 1048576K
}

