# JRE version: Java(TM) SE Runtime Environment (8.0_202-b08) (build 1.8.0_202-b08)
# Java VM: Java HotSpot(TM) 64-Bit Server VM (25.202-b08 mixed mode windows-amd64 compressed oops)
Heap:
 PSYoungGen      total 385536K, used 183434K [0x00000000d7100000, 0x00000000f1d80000, 0x0000000100000000)
  eden space 334848K, 39% used [0x00000000d7100000,0x00000000df2a3770,0x00000000eb800000)
  from space 50688K, 99% used [0x00000000eb800000,0x00000000ee97f440,0x00000000ee980000)
  to   space 48128K, 0% used [0x00000000ee980000,0x00000000ee980000,0x00000000f1880000)
 ParOldGen       total 264192K, used 172376K [0x0000000085200000, 0x0000000095400000, 0x00000000d7100000)
  object space 264192K, 65% used [0x0000000085200000,0x000000008fa56108,0x0000000095400000)
 Metaspace       used 33044K, capacity 34004K, committed 34304K, reserved 1079296K
  class space    used 3701K, capacity 3991K, committed 4096K, reserved 1048576K
GC Heap History (10 events):
Event: 11.970 GC heap before
{Heap before GC invocations=22 (full 3):
 PSYoungGen      total 355328K, used 310896K [0x00000000d7100000, 0x00000000efd80000, 0x0000000100000000)
  eden space 304640K, 100% used [0x00000000d7100000,0x00000000e9a80000,0x00000000e9a80000)
  from space 50688K, 12% used [0x00000000ecc00000,0x00000000ed21c160,0x00000000efd80000)
  to   space 50688K, 0% used [0x00000000e9a80000,0x00000000e9a80000,0x00000000ecc00000)
 ParOldGen       total 264192K, used 127733K [0x0000000085200000, 0x0000000095400000, 0x00000000d7100000)
  object space 264192K, 48% used [0x0000000085200000,0x000000008cebd740,0x0000000095400000)
 Metaspace       used 31132K, capacity 32146K, committed 32384K, reserved 1077248K
  class space    used 3556K, capacity 3861K, committed 3968K, reserved 1048576K
Event: 11.978 GC heap after
Heap after GC invocations=22 (full 3):
 PSYoungGen      total 355328K, used 6320K [0x00000000d7100000, 0x00000000f1880000, 0x0000000100000000)
  eden space 304640K, 0% used [0x00000000d7100000,0x00000000d7100000,0x00000000e9a80000)
  from space 50688K, 12% used [0x00000000e9a80000,0x00000000ea0ac1a0,0x00000000ecc00000)
  to   space 48128K, 0% used [0x00000000ee980000,0x00000000ee980000,0x00000000f1880000)
 ParOldGen       total 264192K, used 127733K [0x0000000085200000, 0x0000000095400000, 0x00000000d7100000)
  object space 264192K, 48% used [0x0000000085200000,0x000000008cebd740,0x0000000095400000)
 Metaspace       used 31132K, capacity 32146K, committed 32384K, reserved 1077248K
  class space    used 3556K, capacity 3861K, committed 3968K, reserved 1048576K
}
Event: 12.999 GC heap before
{Heap before GC invocations=23 (full 3):
 PSYoungGen      total 355328K, used 310960K [0x00000000d7100000, 0x00000000f1880000, 0x0000000100000000)
  eden space 304640K, 100% used [0x00000000d7100000,0x00000000e9a80000,0x00000000e9a80000)
  from space 50688K, 12% used [0x00000000e9a80000,0x00000000ea0ac1a0,0x00000000ecc00000)
  to   space 48128K, 0% used [0x00000000ee980000,0x00000000ee980000,0x00000000f1880000)
 ParOldGen       total 264192K, used 127733K [0x0000000085200000, 0x0000000095400000, 0x00000000d7100000)
  object space 264192K, 48% used [0x0000000085200000,0x000000008cebd740,0x0000000095400000)
 Metaspace       used 31160K, capacity 32212K, committed 32384K, reserved 1077248K
  class space    used 3557K, capacity 3863K, committed 3968K, reserved 1048576K
Event: 13.026 GC heap after
Heap after GC invocations=23 (full 3):
 PSYoungGen      total 382976K, used 28877K [0x00000000d7100000, 0x00000000f1d80000, 0x0000000100000000)
  eden space 334848K, 0% used [0x00000000d7100000,0x00000000d7100000,0x00000000eb800000)
  from space 48128K, 60% used [0x00000000ee980000,0x00000000f05b3768,0x00000000f1880000)
  to   space 50688K, 0% used [0x00000000eb800000,0x00000000eb800000,0x00000000ee980000)
 ParOldGen       total 264192K, used 127741K [0x0000000085200000, 0x0000000095400000, 0x00000000d7100000)
  object space 264192K, 48% used [0x0000000085200000,0x000000008cebf740,0x0000000095400000)
 Metaspace       used 31160K, capacity 32212K, committed 32384K, reserved 1077248K
  class space    used 3557K, capacity 3863K, committed 3968K, reserved 1048576K
}
Event: 13.829 GC heap before
{Heap before GC invocations=24 (full 3):
 PSYoungGen      total 382976K, used 363725K [0x00000000d7100000, 0x00000000f1d80000, 0x0000000100000000)
  eden space 334848K, 100% used [0x00000000d7100000,0x00000000eb800000,0x00000000eb800000)
  from space 48128K, 60% used [0x00000000ee980000,0x00000000f05b3768,0x00000000f1880000)
  to   space 50688K, 0% used [0x00000000eb800000,0x00000000eb800000,0x00000000ee980000)
 ParOldGen       total 264192K, used 127741K [0x0000000085200000, 0x0000000095400000, 0x00000000d7100000)
  object space 264192K, 48% used [0x0000000085200000,0x000000008cebf740,0x0000000095400000)
 Metaspace       used 31208K, capacity 32212K, committed 32384K, reserved 1077248K
  class space    used 3557K, capacity 3863K, committed 3968K, reserved 1048576K
Event: 13.851 GC heap after
Heap after GC invocations=24 (full 3):
 PSYoungGen      total 385536K, used 50683K [0x00000000d7100000, 0x00000000f1d80000, 0x0000000100000000)
  eden space 334848K, 0% used [0x00000000d7100000,0x00000000d7100000,0x00000000eb800000)
  from space 50688K, 99% used [0x00000000eb800000,0x00000000ee97ed30,0x00000000ee980000)
  to   space 48128K, 0% used [0x00000000ee980000,0x00000000ee980000,0x00000000f1880000)
 ParOldGen       total 264192K, used 128109K [0x0000000085200000, 0x0000000095400000, 0x00000000d7100000)
  object space 264192K, 48% used [0x0000000085200000,0x000000008cf1b760,0x0000000095400000)
 Metaspace       used 31208K, capacity 32212K, committed 32384K, reserved 1077248K
  class space    used 3557K, capacity 3863K, committed 3968K, reserved 1048576K
}
Event: 14.118 GC heap before
{Heap before GC invocations=25 (full 3):
 PSYoungGen      total 385536K, used 385531K [0x00000000d7100000, 0x00000000f1d80000, 0x0000000100000000)
  eden space 334848K, 100% used [0x00000000d7100000,0x00000000eb800000,0x00000000eb800000)
  from space 50688K, 99% used [0x00000000eb800000,0x00000000ee97ed30,0x00000000ee980000)
  to   space 48128K, 0% used [0x00000000ee980000,0x00000000ee980000,0x00000000f1880000)
 ParOldGen       total 264192K, used 128109K [0x0000000085200000, 0x0000000095400000, 0x00000000d7100000)
  object space 264192K, 48% used [0x0000000085200000,0x000000008cf1b760,0x0000000095400000)
 Metaspace       used 31208K, capacity 32212K, committed 32384K, reserved 1077248K
  class space    used 3557K, capacity 3863K, committed 3968K, reserved 1048576K
Event: 14.151 GC heap after
Heap after GC invocations=25 (full 3):
 PSYoungGen      total 382976K, used 48115K [0x00000000d7100000, 0x00000000f1d80000, 0x0000000100000000)
  eden space 334848K, 0% used [0x00000000d7100000,0x00000000d7100000,0x00000000eb800000)
  from space 48128K, 99% used [0x00000000ee980000,0x00000000f187cfe8,0x00000000f1880000)
  to   space 50688K, 0% used [0x00000000eb800000,0x00000000eb800000,0x00000000ee980000)
 ParOldGen       total 264192K, used 130721K [0x0000000085200000, 0x0000000095400000, 0x00000000d7100000)
  object space 264192K, 49% used [0x0000000085200000,0x000000008d1a8790,0x0000000095400000)
 Metaspace       used 31208K, capacity 32212K, committed 32384K, reserved 1077248K
  class space    used 3557K, capacity 3863K, committed 3968K, reserved 1048576K
}
Event: 15.581 GC heap before
{Heap before GC invocations=26 (full 3):
 PSYoungGen      total 382976K, used 382963K [0x00000000d7100000, 0x00000000f1d80000, 0x0000000100000000)
  eden space 334848K, 100% used [0x00000000d7100000,0x00000000eb800000,0x00000000eb800000)
  from space 48128K, 99% used [0x00000000ee980000,0x00000000f187cfe8,0x00000000f1880000)
  to   space 50688K, 0% used [0x00000000eb800000,0x00000000eb800000,0x00000000ee980000)
 ParOldGen       total 264192K, used 130721K [0x0000000085200000, 0x0000000095400000, 0x00000000d7100000)
  object space 264192K, 49% used [0x0000000085200000,0x000000008d1a8790,0x0000000095400000)
 Metaspace       used 32039K, capacity 33012K, committed 33152K, reserved 1079296K
  class space    used 3624K, capacity 3895K, committed 3968K, reserved 1048576K
Event: 15.625 GC heap after
Heap after GC invocations=26 (full 3):
 PSYoungGen      total 385536K, used 50685K [0x00000000d7100000, 0x00000000f1d80000, 0x0000000100000000)
  eden space 334848K, 0% used [0x00000000d7100000,0x00000000d7100000,0x00000000eb800000)
  from space 50688K, 99% used [0x00000000eb800000,0x00000000ee97f440,0x00000000ee980000)
  to   space 48128K, 0% used [0x00000000ee980000,0x00000000ee980000,0x00000000f1880000)
 ParOldGen       total 264192K, used 172376K [0x0000000085200000, 0x0000000095400000, 0x00000000d7100000)
  object space 264192K, 65% used [0x0000000085200000,0x000000008fa56108,0x0000000095400000)
 Metaspace       used 32039K, capacity 33012K, committed 33152K, reserved 1079296K
  class space    used 3624K, capacity 3895K, committed 3968K, reserved 1048576K
}

