# JRE version: Java(TM) SE Runtime Environment (8.0_202-b08) (build 1.8.0_202-b08)
# Java VM: Java HotSpot(TM) 64-Bit Server VM (25.202-b08 mixed mode windows-amd64 compressed oops)
Heap:
 PSYoungGen      total 389120K, used 97705K [0x00000000d7100000, 0x00000000f1100000, 0x0000000100000000)
  eden space 360448K, 20% used [0x00000000d7100000,0x00000000db8b7028,0x00000000ed100000)
  from space 28672K, 84% used [0x00000000ef500000,0x00000000f0cb3450,0x00000000f1100000)
  to   space 32768K, 0% used [0x00000000ed100000,0x00000000ed100000,0x00000000ef100000)
 ParOldGen       total 71680K, used 40139K [0x0000000085200000, 0x0000000089800000, 0x00000000d7100000)
  object space 71680K, 55% used [0x0000000085200000,0x0000000087932d98,0x0000000089800000)
 Metaspace       used 51554K, capacity 54182K, committed 54272K, reserved 1095680K
  class space    used 6557K, capacity 7113K, committed 7168K, reserved 1048576K
GC Heap History (10 events):
Event: 4.584 GC heap before
{Heap before GC invocations=12 (full 1):
 PSYoungGen      total 265216K, used 245760K [0x00000000d7100000, 0x00000000e9c00000, 0x0000000100000000)
  eden space 245760K, 100% used [0x00000000d7100000,0x00000000e6100000,0x00000000e6100000)
  from space 19456K, 0% used [0x00000000e7b00000,0x00000000e7b00000,0x00000000e8e00000)
  to   space 26624K, 0% used [0x00000000e6100000,0x00000000e6100000,0x00000000e7b00000)
 ParOldGen       total 71680K, used 18785K [0x0000000085200000, 0x0000000089800000, 0x00000000d7100000)
  object space 71680K, 26% used [0x0000000085200000,0x0000000086458760,0x0000000089800000)
 Metaspace       used 28142K, capacity 29262K, committed 29440K, reserved 1075200K
  class space    used 3324K, capacity 3567K, committed 3584K, reserved 1048576K
Event: 4.589 GC heap after
Heap after GC invocations=12 (full 1):
 PSYoungGen      total 272384K, used 12137K [0x00000000d7100000, 0x00000000f1680000, 0x0000000100000000)
  eden space 245760K, 0% used [0x00000000d7100000,0x00000000d7100000,0x00000000e6100000)
  from space 26624K, 45% used [0x00000000e6100000,0x00000000e6cda5d0,0x00000000e7b00000)
  to   space 34304K, 0% used [0x00000000ef500000,0x00000000ef500000,0x00000000f1680000)
 ParOldGen       total 71680K, used 18793K [0x0000000085200000, 0x0000000089800000, 0x00000000d7100000)
  object space 71680K, 26% used [0x0000000085200000,0x000000008645a760,0x0000000089800000)
 Metaspace       used 28142K, capacity 29262K, committed 29440K, reserved 1075200K
  class space    used 3324K, capacity 3567K, committed 3584K, reserved 1048576K
}
Event: 5.135 GC heap before
{Heap before GC invocations=13 (full 1):
 PSYoungGen      total 272384K, used 257897K [0x00000000d7100000, 0x00000000f1680000, 0x0000000100000000)
  eden space 245760K, 100% used [0x00000000d7100000,0x00000000e6100000,0x00000000e6100000)
  from space 26624K, 45% used [0x00000000e6100000,0x00000000e6cda5d0,0x00000000e7b00000)
  to   space 34304K, 0% used [0x00000000ef500000,0x00000000ef500000,0x00000000f1680000)
 ParOldGen       total 71680K, used 18793K [0x0000000085200000, 0x0000000089800000, 0x00000000d7100000)
  object space 71680K, 26% used [0x0000000085200000,0x000000008645a760,0x0000000089800000)
 Metaspace       used 28731K, capacity 29854K, committed 30080K, reserved 1075200K
  class space    used 3425K, capacity 3673K, committed 3712K, reserved 1048576K
Event: 5.148 GC heap after
Heap after GC invocations=13 (full 1):
 PSYoungGen      total 389120K, used 14505K [0x00000000d7100000, 0x00000000f1100000, 0x0000000100000000)
  eden space 360448K, 0% used [0x00000000d7100000,0x00000000d7100000,0x00000000ed100000)
  from space 28672K, 50% used [0x00000000ef500000,0x00000000f032a750,0x00000000f1100000)
  to   space 32768K, 0% used [0x00000000ed100000,0x00000000ed100000,0x00000000ef100000)
 ParOldGen       total 71680K, used 25798K [0x0000000085200000, 0x0000000089800000, 0x00000000d7100000)
  object space 71680K, 35% used [0x0000000085200000,0x0000000086b31928,0x0000000089800000)
 Metaspace       used 28731K, capacity 29854K, committed 30080K, reserved 1075200K
  class space    used 3425K, capacity 3673K, committed 3712K, reserved 1048576K
}
Event: 6.309 GC heap before
{Heap before GC invocations=14 (full 1):
 PSYoungGen      total 389120K, used 292864K [0x00000000d7100000, 0x00000000f1100000, 0x0000000100000000)
  eden space 360448K, 77% used [0x00000000d7100000,0x00000000e80d5ad8,0x00000000ed100000)
  from space 28672K, 50% used [0x00000000ef500000,0x00000000f032a750,0x00000000f1100000)
  to   space 32768K, 0% used [0x00000000ed100000,0x00000000ed100000,0x00000000ef100000)
 ParOldGen       total 71680K, used 25798K [0x0000000085200000, 0x0000000089800000, 0x00000000d7100000)
  object space 71680K, 35% used [0x0000000085200000,0x0000000086b31928,0x0000000089800000)
 Metaspace       used 33558K, capacity 35332K, committed 35496K, reserved 1081344K
  class space    used 4124K, capacity 4482K, committed 4608K, reserved 1048576K
Event: 6.326 GC heap after
Heap after GC invocations=14 (full 1):
 PSYoungGen      total 393216K, used 17142K [0x00000000d7100000, 0x00000000f1100000, 0x0000000100000000)
  eden space 360448K, 0% used [0x00000000d7100000,0x00000000d7100000,0x00000000ed100000)
  from space 32768K, 52% used [0x00000000ed100000,0x00000000ee1bda38,0x00000000ef100000)
  to   space 28672K, 0% used [0x00000000ef500000,0x00000000ef500000,0x00000000f1100000)
 ParOldGen       total 71680K, used 26976K [0x0000000085200000, 0x0000000089800000, 0x00000000d7100000)
  object space 71680K, 37% used [0x0000000085200000,0x0000000086c58010,0x0000000089800000)
 Metaspace       used 33558K, capacity 35332K, committed 35496K, reserved 1081344K
  class space    used 4124K, capacity 4482K, committed 4608K, reserved 1048576K
}
Event: 6.326 GC heap before
{Heap before GC invocations=15 (full 2):
 PSYoungGen      total 393216K, used 17142K [0x00000000d7100000, 0x00000000f1100000, 0x0000000100000000)
  eden space 360448K, 0% used [0x00000000d7100000,0x00000000d7100000,0x00000000ed100000)
  from space 32768K, 52% used [0x00000000ed100000,0x00000000ee1bda38,0x00000000ef100000)
  to   space 28672K, 0% used [0x00000000ef500000,0x00000000ef500000,0x00000000f1100000)
 ParOldGen       total 71680K, used 26976K [0x0000000085200000, 0x0000000089800000, 0x00000000d7100000)
  object space 71680K, 37% used [0x0000000085200000,0x0000000086c58010,0x0000000089800000)
 Metaspace       used 33558K, capacity 35332K, committed 35496K, reserved 1081344K
  class space    used 4124K, capacity 4482K, committed 4608K, reserved 1048576K
Event: 6.435 GC heap after
Heap after GC invocations=15 (full 2):
 PSYoungGen      total 393216K, used 0K [0x00000000d7100000, 0x00000000f1100000, 0x0000000100000000)
  eden space 360448K, 0% used [0x00000000d7100000,0x00000000d7100000,0x00000000ed100000)
  from space 32768K, 0% used [0x00000000ed100000,0x00000000ed100000,0x00000000ef100000)
  to   space 28672K, 0% used [0x00000000ef500000,0x00000000ef500000,0x00000000f1100000)
 ParOldGen       total 71680K, used 40059K [0x0000000085200000, 0x0000000089800000, 0x00000000d7100000)
  object space 71680K, 55% used [0x0000000085200000,0x000000008791ed88,0x0000000089800000)
 Metaspace       used 33558K, capacity 35332K, committed 35496K, reserved 1081344K
  class space    used 4124K, capacity 4482K, committed 4608K, reserved 1048576K
}
Event: 8.634 GC heap before
{Heap before GC invocations=16 (full 2):
 PSYoungGen      total 393216K, used 360448K [0x00000000d7100000, 0x00000000f1100000, 0x0000000100000000)
  eden space 360448K, 100% used [0x00000000d7100000,0x00000000ed100000,0x00000000ed100000)
  from space 32768K, 0% used [0x00000000ed100000,0x00000000ed100000,0x00000000ef100000)
  to   space 28672K, 0% used [0x00000000ef500000,0x00000000ef500000,0x00000000f1100000)
 ParOldGen       total 71680K, used 40059K [0x0000000085200000, 0x0000000089800000, 0x00000000d7100000)
  object space 71680K, 55% used [0x0000000085200000,0x000000008791ed88,0x0000000089800000)
 Metaspace       used 47725K, capacity 50178K, committed 50432K, reserved 1093632K
  class space    used 6080K, capacity 6567K, committed 6656K, reserved 1048576K
Event: 8.658 GC heap after
Heap after GC invocations=16 (full 2):
 PSYoungGen      total 389120K, used 24269K [0x00000000d7100000, 0x00000000f1100000, 0x0000000100000000)
  eden space 360448K, 0% used [0x00000000d7100000,0x00000000d7100000,0x00000000ed100000)
  from space 28672K, 84% used [0x00000000ef500000,0x00000000f0cb3450,0x00000000f1100000)
  to   space 32768K, 0% used [0x00000000ed100000,0x00000000ed100000,0x00000000ef100000)
 ParOldGen       total 71680K, used 40139K [0x0000000085200000, 0x0000000089800000, 0x00000000d7100000)
  object space 71680K, 55% used [0x0000000085200000,0x0000000087932d98,0x0000000089800000)
 Metaspace       used 47725K, capacity 50178K, committed 50432K, reserved 1093632K
  class space    used 6080K, capacity 6567K, committed 6656K, reserved 1048576K
}

