# JRE version: Java(TM) SE Runtime Environment (8.0_202-b08) (build 1.8.0_202-b08)
# Java VM: Java HotSpot(TM) 64-Bit Server VM (25.202-b08 mixed mode windows-amd64 compressed oops)
Heap:
 PSYoungGen      total 453632K, used 289492K [0x00000000d7100000, 0x00000000f4c00000, 0x0000000100000000)
  eden space 424960K, 64% used [0x00000000d7100000,0x00000000e7b88ee0,0x00000000f1000000)
  from space 28672K, 57% used [0x00000000f2c00000,0x00000000f3c2c4d0,0x00000000f4800000)
  to   space 28672K, 0% used [0x00000000f1000000,0x00000000f1000000,0x00000000f2c00000)
 ParOldGen       total 92672K, used 27874K [0x0000000085200000, 0x000000008ac80000, 0x00000000d7100000)
  object space 92672K, 30% used [0x0000000085200000,0x0000000086d388a8,0x000000008ac80000)
 Metaspace       used 38871K, capacity 40374K, committed 40448K, reserved 1085440K
  class space    used 4503K, capacity 4809K, committed 4864K, reserved 1048576K
GC Heap History (10 events):
Event: 3.776 GC heap before
{Heap before GC invocations=10 (full 1):
 PSYoungGen      total 226816K, used 226790K [0x00000000d7100000, 0x00000000e7c00000, 0x0000000100000000)
  eden space 216064K, 100% used [0x00000000d7100000,0x00000000e4400000,0x00000000e4400000)
  from space 10752K, 99% used [0x00000000e7180000,0x00000000e7bf9810,0x00000000e7c00000)
  to   space 14848K, 0% used [0x00000000e5f00000,0x00000000e5f00000,0x00000000e6d80000)
 ParOldGen       total 53248K, used 15572K [0x0000000085200000, 0x0000000088600000, 0x00000000d7100000)
  object space 53248K, 29% used [0x0000000085200000,0x0000000086135348,0x0000000088600000)
 Metaspace       used 21342K, capacity 22088K, committed 22192K, reserved 1069056K
  class space    used 2559K, capacity 2750K, committed 2816K, reserved 1048576K
Event: 3.812 GC heap after
Heap after GC invocations=10 (full 1):
 PSYoungGen      total 258560K, used 14846K [0x00000000d7100000, 0x00000000ed100000, 0x0000000100000000)
  eden space 243712K, 0% used [0x00000000d7100000,0x00000000d7100000,0x00000000e5f00000)
  from space 14848K, 99% used [0x00000000e5f00000,0x00000000e6d7fbc0,0x00000000e6d80000)
  to   space 26112K, 0% used [0x00000000eb780000,0x00000000eb780000,0x00000000ed100000)
 ParOldGen       total 53248K, used 38042K [0x0000000085200000, 0x0000000088600000, 0x00000000d7100000)
  object space 53248K, 71% used [0x0000000085200000,0x0000000087726920,0x0000000088600000)
 Metaspace       used 21342K, capacity 22088K, committed 22192K, reserved 1069056K
  class space    used 2559K, capacity 2750K, committed 2816K, reserved 1048576K
}
Event: 4.844 GC heap before
{Heap before GC invocations=11 (full 1):
 PSYoungGen      total 258560K, used 258558K [0x00000000d7100000, 0x00000000ed100000, 0x0000000100000000)
  eden space 243712K, 100% used [0x00000000d7100000,0x00000000e5f00000,0x00000000e5f00000)
  from space 14848K, 99% used [0x00000000e5f00000,0x00000000e6d7fbc0,0x00000000e6d80000)
  to   space 26112K, 0% used [0x00000000eb780000,0x00000000eb780000,0x00000000ed100000)
 ParOldGen       total 53248K, used 38042K [0x0000000085200000, 0x0000000088600000, 0x00000000d7100000)
  object space 53248K, 71% used [0x0000000085200000,0x0000000087726920,0x0000000088600000)
 Metaspace       used 26095K, capacity 27000K, committed 27264K, reserved 1073152K
  class space    used 2869K, capacity 3094K, committed 3200K, reserved 1048576K
Event: 4.895 GC heap after
Heap after GC invocations=11 (full 1):
 PSYoungGen      total 330240K, used 25980K [0x00000000d7100000, 0x00000000f0000000, 0x0000000100000000)
  eden space 304128K, 0% used [0x00000000d7100000,0x00000000d7100000,0x00000000e9a00000)
  from space 26112K, 99% used [0x00000000eb780000,0x00000000ed0df148,0x00000000ed100000)
  to   space 30208K, 0% used [0x00000000e9a00000,0x00000000e9a00000,0x00000000eb780000)
 ParOldGen       total 53248K, used 40474K [0x0000000085200000, 0x0000000088600000, 0x00000000d7100000)
  object space 53248K, 76% used [0x0000000085200000,0x0000000087986920,0x0000000088600000)
 Metaspace       used 26095K, capacity 27000K, committed 27264K, reserved 1073152K
  class space    used 2869K, capacity 3094K, committed 3200K, reserved 1048576K
}
Event: 6.516 GC heap before
{Heap before GC invocations=12 (full 1):
 PSYoungGen      total 330240K, used 279755K [0x00000000d7100000, 0x00000000f0000000, 0x0000000100000000)
  eden space 304128K, 83% used [0x00000000d7100000,0x00000000e68d3d88,0x00000000e9a00000)
  from space 26112K, 99% used [0x00000000eb780000,0x00000000ed0df148,0x00000000ed100000)
  to   space 30208K, 0% used [0x00000000e9a00000,0x00000000e9a00000,0x00000000eb780000)
 ParOldGen       total 53248K, used 40474K [0x0000000085200000, 0x0000000088600000, 0x00000000d7100000)
  object space 53248K, 76% used [0x0000000085200000,0x0000000087986920,0x0000000088600000)
 Metaspace       used 34111K, capacity 35310K, committed 35456K, reserved 1081344K
  class space    used 3815K, capacity 4101K, committed 4224K, reserved 1048576K
Event: 6.529 GC heap after
Heap after GC invocations=12 (full 1):
 PSYoungGen      total 334336K, used 10843K [0x00000000d7100000, 0x00000000f4800000, 0x0000000100000000)
  eden space 304128K, 0% used [0x00000000d7100000,0x00000000d7100000,0x00000000e9a00000)
  from space 30208K, 35% used [0x00000000e9a00000,0x00000000ea496dd8,0x00000000eb780000)
  to   space 28672K, 0% used [0x00000000f2c00000,0x00000000f2c00000,0x00000000f4800000)
 ParOldGen       total 53248K, used 46932K [0x0000000085200000, 0x0000000088600000, 0x00000000d7100000)
  object space 53248K, 88% used [0x0000000085200000,0x0000000087fd5128,0x0000000088600000)
 Metaspace       used 34111K, capacity 35310K, committed 35456K, reserved 1081344K
  class space    used 3815K, capacity 4101K, committed 4224K, reserved 1048576K
}
Event: 6.529 GC heap before
{Heap before GC invocations=13 (full 2):
 PSYoungGen      total 334336K, used 10843K [0x00000000d7100000, 0x00000000f4800000, 0x0000000100000000)
  eden space 304128K, 0% used [0x00000000d7100000,0x00000000d7100000,0x00000000e9a00000)
  from space 30208K, 35% used [0x00000000e9a00000,0x00000000ea496dd8,0x00000000eb780000)
  to   space 28672K, 0% used [0x00000000f2c00000,0x00000000f2c00000,0x00000000f4800000)
 ParOldGen       total 53248K, used 46932K [0x0000000085200000, 0x0000000088600000, 0x00000000d7100000)
  object space 53248K, 88% used [0x0000000085200000,0x0000000087fd5128,0x0000000088600000)
 Metaspace       used 34111K, capacity 35310K, committed 35456K, reserved 1081344K
  class space    used 3815K, capacity 4101K, committed 4224K, reserved 1048576K
Event: 6.578 GC heap after
Heap after GC invocations=13 (full 2):
 PSYoungGen      total 334336K, used 0K [0x00000000d7100000, 0x00000000f4800000, 0x0000000100000000)
  eden space 304128K, 0% used [0x00000000d7100000,0x00000000d7100000,0x00000000e9a00000)
  from space 30208K, 0% used [0x00000000e9a00000,0x00000000e9a00000,0x00000000eb780000)
  to   space 28672K, 0% used [0x00000000f2c00000,0x00000000f2c00000,0x00000000f4800000)
 ParOldGen       total 92672K, used 27866K [0x0000000085200000, 0x000000008ac80000, 0x00000000d7100000)
  object space 92672K, 30% used [0x0000000085200000,0x0000000086d368a8,0x000000008ac80000)
 Metaspace       used 34111K, capacity 35310K, committed 35456K, reserved 1081344K
  class space    used 3815K, capacity 4101K, committed 4224K, reserved 1048576K
}
Event: 7.414 GC heap before
{Heap before GC invocations=14 (full 2):
 PSYoungGen      total 334336K, used 304128K [0x00000000d7100000, 0x00000000f4800000, 0x0000000100000000)
  eden space 304128K, 100% used [0x00000000d7100000,0x00000000e9a00000,0x00000000e9a00000)
  from space 30208K, 0% used [0x00000000e9a00000,0x00000000e9a00000,0x00000000eb780000)
  to   space 28672K, 0% used [0x00000000f2c00000,0x00000000f2c00000,0x00000000f4800000)
 ParOldGen       total 92672K, used 27866K [0x0000000085200000, 0x000000008ac80000, 0x00000000d7100000)
  object space 92672K, 30% used [0x0000000085200000,0x0000000086d368a8,0x000000008ac80000)
 Metaspace       used 35885K, capacity 37208K, committed 37376K, reserved 1083392K
  class space    used 4084K, capacity 4346K, committed 4352K, reserved 1048576K
Event: 7.428 GC heap after
Heap after GC invocations=14 (full 2):
 PSYoungGen      total 453632K, used 16561K [0x00000000d7100000, 0x00000000f4c00000, 0x0000000100000000)
  eden space 424960K, 0% used [0x00000000d7100000,0x00000000d7100000,0x00000000f1000000)
  from space 28672K, 57% used [0x00000000f2c00000,0x00000000f3c2c4d0,0x00000000f4800000)
  to   space 28672K, 0% used [0x00000000f1000000,0x00000000f1000000,0x00000000f2c00000)
 ParOldGen       total 92672K, used 27874K [0x0000000085200000, 0x000000008ac80000, 0x00000000d7100000)
  object space 92672K, 30% used [0x0000000085200000,0x0000000086d388a8,0x000000008ac80000)
 Metaspace       used 35885K, capacity 37208K, committed 37376K, reserved 1083392K
  class space    used 4084K, capacity 4346K, committed 4352K, reserved 1048576K
}

